<?xml version="1.0" encoding="UTF-8"?>
<!-- Generated by org.testng.reporters.JUnitReportReporter -->
<testsuite hostname="Next-Hyd-13229" failures="0" tests="3" name="testng.farmwork.features.AnnontationOrderOfTestNG" time="0.062" errors="0" timestamp="2025-08-05T19:51:11 IST" skipped="0">
  <testcase classname="testng.farmwork.features.AnnontationOrderOfTestNG" name="testMethod2" time="0.009"/>
  <system-out/>
  <testcase classname="testng.farmwork.features.AnnontationOrderOfTestNG" name="testMethod" time="0.037"/>
  <system-out/>
  <testcase classname="testng.farmwork.features.AnnontationOrderOfTestNG" name="testMethod1" time="0.016"/>
  <system-out/>
</testsuite> <!-- testng.farmwork.features.AnnontationOrderOfTestNG -->
